# JRE version: Java(TM) SE Runtime Environment (21.0.7+8) (build 21.0.7+8-LTS-245)
# Java VM: Java HotSpot(TM) 64-Bit Server VM (21.0.7+8-LTS-245, mixed mode, sharing, tiered, compressed oops, compressed class ptrs, parallel gc, windows-amd64)
GC Precious Log:
 CardTable entry size: 512
 CPUs: 12 total, 12 available
 Memory: 23882M
 Large Page Support: Disabled
 NUMA Support: Disabled
 Compressed Oops: Enabled (32-bit)
 Alignments: Space 512K, Generation 512K, Heap 2M
 Heap Min Capacity: 100M
 Heap Initial Capacity: 100M
 Heap Max Capacity: 2G
 Pre-touch: Disabled
 Parallel Workers: 10
Heap:
 PSYoungGen      total 29184K, used 26335K [0x00000000d5580000, 0x00000000d7e00000, 0x0000000100000000)
  eden space 26624K, 90% used [0x00000000d5580000,0x00000000d6cffd98,0x00000000d6f80000)
  from space 2560K, 88% used [0x00000000d7b80000,0x00000000d7db8020,0x00000000d7e00000)
  to   space 5632K, 0% used [0x00000000d7300000,0x00000000d7300000,0x00000000d7880000)
 ParOldGen       total 200192K, used 150590K [0x0000000080000000, 0x000000008c380000, 0x00000000d5580000)
  object space 200192K, 75% used [0x0000000080000000,0x000000008930f9b0,0x000000008c380000)
 Metaspace       used 75361K, committed 77056K, reserved 1179648K
  class space    used 7749K, committed 8512K, reserved 1048576K
GC Heap History (20 events):
Event: 88.996 GC heap before
{Heap before GC invocations=156 (full 5):
 PSYoungGen      total 35840K, used 35816K [0x00000000d5580000, 0x00000000d8580000, 0x0000000100000000)
  eden space 30208K, 100% used [0x00000000d5580000,0x00000000d7300000,0x00000000d7300000)
  from space 5632K, 99% used [0x00000000d7b80000,0x00000000d80fa1a0,0x00000000d8100000)
  to   space 8704K, 0% used [0x00000000d7300000,0x00000000d7300000,0x00000000d7b80000)
 ParOldGen       total 136704K, used 129481K [0x0000000080000000, 0x0000000088580000, 0x00000000d5580000)
  object space 136704K, 94% used [0x0000000080000000,0x0000000087e72558,0x0000000088580000)
 Metaspace       used 68501K, committed 70080K, reserved 1114112K
  class space    used 7078K, committed 7744K, reserved 1048576K
}
Event: 89.032 GC heap after
{Heap after GC invocations=156 (full 5):
 PSYoungGen      total 36864K, used 6840K [0x00000000d5580000, 0x00000000d8180000, 0x0000000100000000)
  eden space 29696K, 0% used [0x00000000d5580000,0x00000000d5580000,0x00000000d7280000)
  from space 7168K, 95% used [0x00000000d7300000,0x00000000d79ae3e0,0x00000000d7a00000)
  to   space 7680K, 0% used [0x00000000d7a00000,0x00000000d7a00000,0x00000000d8180000)
 ParOldGen       total 136704K, used 130231K [0x0000000080000000, 0x0000000088580000, 0x00000000d5580000)
  object space 136704K, 95% used [0x0000000080000000,0x0000000087f2dfd8,0x0000000088580000)
 Metaspace       used 68501K, committed 70080K, reserved 1114112K
  class space    used 7078K, committed 7744K, reserved 1048576K
}
Event: 89.735 GC heap before
{Heap before GC invocations=157 (full 5):
 PSYoungGen      total 36864K, used 36536K [0x00000000d5580000, 0x00000000d8180000, 0x0000000100000000)
  eden space 29696K, 100% used [0x00000000d5580000,0x00000000d7280000,0x00000000d7280000)
  from space 7168K, 95% used [0x00000000d7300000,0x00000000d79ae3e0,0x00000000d7a00000)
  to   space 7680K, 0% used [0x00000000d7a00000,0x00000000d7a00000,0x00000000d8180000)
 ParOldGen       total 136704K, used 130231K [0x0000000080000000, 0x0000000088580000, 0x00000000d5580000)
  object space 136704K, 95% used [0x0000000080000000,0x0000000087f2dfd8,0x0000000088580000)
 Metaspace       used 69072K, committed 70656K, reserved 1114112K
  class space    used 7146K, committed 7808K, reserved 1048576K
}
Event: 89.741 GC heap after
{Heap after GC invocations=157 (full 5):
 PSYoungGen      total 35328K, used 7659K [0x00000000d5580000, 0x00000000d8500000, 0x0000000100000000)
  eden space 27648K, 0% used [0x00000000d5580000,0x00000000d5580000,0x00000000d7080000)
  from space 7680K, 99% used [0x00000000d7a00000,0x00000000d817af50,0x00000000d8180000)
  to   space 9728K, 0% used [0x00000000d7080000,0x00000000d7080000,0x00000000d7a00000)
 ParOldGen       total 136704K, used 131456K [0x0000000080000000, 0x0000000088580000, 0x00000000d5580000)
  object space 136704K, 96% used [0x0000000080000000,0x00000000880601e8,0x0000000088580000)
 Metaspace       used 69072K, committed 70656K, reserved 1114112K
  class space    used 7146K, committed 7808K, reserved 1048576K
}
Event: 90.097 GC heap before
{Heap before GC invocations=158 (full 5):
 PSYoungGen      total 35328K, used 35307K [0x00000000d5580000, 0x00000000d8500000, 0x0000000100000000)
  eden space 27648K, 100% used [0x00000000d5580000,0x00000000d7080000,0x00000000d7080000)
  from space 7680K, 99% used [0x00000000d7a00000,0x00000000d817af50,0x00000000d8180000)
  to   space 9728K, 0% used [0x00000000d7080000,0x00000000d7080000,0x00000000d7a00000)
 ParOldGen       total 136704K, used 131456K [0x0000000080000000, 0x0000000088580000, 0x00000000d5580000)
  object space 136704K, 96% used [0x0000000080000000,0x00000000880601e8,0x0000000088580000)
 Metaspace       used 69805K, committed 71424K, reserved 1114112K
  class space    used 7217K, committed 7936K, reserved 1048576K
}
Event: 90.103 GC heap after
{Heap after GC invocations=158 (full 5):
 PSYoungGen      total 33792K, used 6626K [0x00000000d5580000, 0x00000000d7f00000, 0x0000000100000000)
  eden space 27136K, 0% used [0x00000000d5580000,0x00000000d5580000,0x00000000d7000000)
  from space 6656K, 99% used [0x00000000d7080000,0x00000000d76f8850,0x00000000d7700000)
  to   space 7680K, 0% used [0x00000000d7780000,0x00000000d7780000,0x00000000d7f00000)
 ParOldGen       total 136704K, used 132053K [0x0000000080000000, 0x0000000088580000, 0x00000000d5580000)
  object space 136704K, 96% used [0x0000000080000000,0x00000000880f57b0,0x0000000088580000)
 Metaspace       used 69805K, committed 71424K, reserved 1114112K
  class space    used 7217K, committed 7936K, reserved 1048576K
}
Event: 90.742 GC heap before
{Heap before GC invocations=159 (full 5):
 PSYoungGen      total 33792K, used 30004K [0x00000000d5580000, 0x00000000d7f00000, 0x0000000100000000)
  eden space 27136K, 86% used [0x00000000d5580000,0x00000000d6c548c8,0x00000000d7000000)
  from space 6656K, 99% used [0x00000000d7080000,0x00000000d76f8850,0x00000000d7700000)
  to   space 7680K, 0% used [0x00000000d7780000,0x00000000d7780000,0x00000000d7f00000)
 ParOldGen       total 136704K, used 132053K [0x0000000080000000, 0x0000000088580000, 0x00000000d5580000)
  object space 136704K, 96% used [0x0000000080000000,0x00000000880f57b0,0x0000000088580000)
 Metaspace       used 72006K, committed 73600K, reserved 1179648K
  class space    used 7420K, committed 8128K, reserved 1048576K
}
Event: 90.749 GC heap after
{Heap after GC invocations=159 (full 5):
 PSYoungGen      total 34304K, used 7675K [0x00000000d5580000, 0x00000000d7f80000, 0x0000000100000000)
  eden space 26624K, 0% used [0x00000000d5580000,0x00000000d5580000,0x00000000d6f80000)
  from space 7680K, 99% used [0x00000000d7780000,0x00000000d7efeed0,0x00000000d7f00000)
  to   space 8192K, 0% used [0x00000000d6f80000,0x00000000d6f80000,0x00000000d7780000)
 ParOldGen       total 136704K, used 132241K [0x0000000080000000, 0x0000000088580000, 0x00000000d5580000)
  object space 136704K, 96% used [0x0000000080000000,0x00000000881247d0,0x0000000088580000)
 Metaspace       used 72006K, committed 73600K, reserved 1179648K
  class space    used 7420K, committed 8128K, reserved 1048576K
}
Event: 90.762 GC heap before
{Heap before GC invocations=160 (full 5):
 PSYoungGen      total 34304K, used 28264K [0x00000000d5580000, 0x00000000d7f80000, 0x0000000100000000)
  eden space 26624K, 77% used [0x00000000d5580000,0x00000000d699b2b8,0x00000000d6f80000)
  from space 7680K, 99% used [0x00000000d7780000,0x00000000d7efeed0,0x00000000d7f00000)
  to   space 8192K, 0% used [0x00000000d6f80000,0x00000000d6f80000,0x00000000d7780000)
 ParOldGen       total 136704K, used 132241K [0x0000000080000000, 0x0000000088580000, 0x00000000d5580000)
  object space 136704K, 96% used [0x0000000080000000,0x00000000881247d0,0x0000000088580000)
 Metaspace       used 72018K, committed 73600K, reserved 1179648K
  class space    used 7423K, committed 8128K, reserved 1048576K
}
Event: 90.772 GC heap after
{Heap after GC invocations=160 (full 5):
 PSYoungGen      total 33792K, used 7244K [0x00000000d5580000, 0x00000000d7e00000, 0x0000000100000000)
  eden space 26112K, 0% used [0x00000000d5580000,0x00000000d5580000,0x00000000d6f00000)
  from space 7680K, 94% used [0x00000000d6f80000,0x00000000d7693388,0x00000000d7700000)
  to   space 7168K, 0% used [0x00000000d7700000,0x00000000d7700000,0x00000000d7e00000)
 ParOldGen       total 156672K, used 152120K [0x0000000080000000, 0x0000000089900000, 0x00000000d5580000)
  object space 156672K, 97% used [0x0000000080000000,0x000000008948e308,0x0000000089900000)
 Metaspace       used 72018K, committed 73600K, reserved 1179648K
  class space    used 7423K, committed 8128K, reserved 1048576K
}
Event: 90.772 GC heap before
{Heap before GC invocations=161 (full 6):
 PSYoungGen      total 33792K, used 7244K [0x00000000d5580000, 0x00000000d7e00000, 0x0000000100000000)
  eden space 26112K, 0% used [0x00000000d5580000,0x00000000d5580000,0x00000000d6f00000)
  from space 7680K, 94% used [0x00000000d6f80000,0x00000000d7693388,0x00000000d7700000)
  to   space 7168K, 0% used [0x00000000d7700000,0x00000000d7700000,0x00000000d7e00000)
 ParOldGen       total 156672K, used 152120K [0x0000000080000000, 0x0000000089900000, 0x00000000d5580000)
  object space 156672K, 97% used [0x0000000080000000,0x000000008948e308,0x0000000089900000)
 Metaspace       used 72018K, committed 73600K, reserved 1179648K
  class space    used 7423K, committed 8128K, reserved 1048576K
}
Event: 90.900 GC heap after
{Heap after GC invocations=161 (full 6):
 PSYoungGen      total 33792K, used 0K [0x00000000d5580000, 0x00000000d8180000, 0x0000000100000000)
  eden space 26624K, 0% used [0x00000000d5580000,0x00000000d5580000,0x00000000d6f80000)
  from space 7168K, 0% used [0x00000000d7700000,0x00000000d7700000,0x00000000d7e00000)
  to   space 7680K, 0% used [0x00000000d6f80000,0x00000000d6f80000,0x00000000d7700000)
 ParOldGen       total 200192K, used 131219K [0x0000000080000000, 0x000000008c380000, 0x00000000d5580000)
  object space 200192K, 65% used [0x0000000080000000,0x0000000088024e58,0x000000008c380000)
 Metaspace       used 72015K, committed 73600K, reserved 1179648K
  class space    used 7422K, committed 8128K, reserved 1048576K
}
Event: 91.798 GC heap before
{Heap before GC invocations=162 (full 6):
 PSYoungGen      total 33792K, used 26623K [0x00000000d5580000, 0x00000000d8180000, 0x0000000100000000)
  eden space 26624K, 99% used [0x00000000d5580000,0x00000000d6f7ffa0,0x00000000d6f80000)
  from space 7168K, 0% used [0x00000000d7700000,0x00000000d7700000,0x00000000d7e00000)
  to   space 7680K, 0% used [0x00000000d6f80000,0x00000000d6f80000,0x00000000d7700000)
 ParOldGen       total 200192K, used 131219K [0x0000000080000000, 0x000000008c380000, 0x00000000d5580000)
  object space 200192K, 65% used [0x0000000080000000,0x0000000088024e58,0x000000008c380000)
 Metaspace       used 72908K, committed 74496K, reserved 1179648K
  class space    used 7520K, committed 8192K, reserved 1048576K
}
Event: 91.802 GC heap after
{Heap after GC invocations=162 (full 6):
 PSYoungGen      total 28672K, used 1632K [0x00000000d5580000, 0x00000000d7a80000, 0x0000000100000000)
  eden space 26624K, 0% used [0x00000000d5580000,0x00000000d5580000,0x00000000d6f80000)
  from space 2048K, 79% used [0x00000000d6f80000,0x00000000d7118000,0x00000000d7180000)
  to   space 4096K, 0% used [0x00000000d7680000,0x00000000d7680000,0x00000000d7a80000)
 ParOldGen       total 200192K, used 142747K [0x0000000080000000, 0x000000008c380000, 0x00000000d5580000)
  object space 200192K, 71% used [0x0000000080000000,0x0000000088b66e68,0x000000008c380000)
 Metaspace       used 72908K, committed 74496K, reserved 1179648K
  class space    used 7520K, committed 8192K, reserved 1048576K
}
Event: 95.147 GC heap before
{Heap before GC invocations=163 (full 6):
 PSYoungGen      total 28672K, used 28244K [0x00000000d5580000, 0x00000000d7a80000, 0x0000000100000000)
  eden space 26624K, 99% used [0x00000000d5580000,0x00000000d6f7d2a8,0x00000000d6f80000)
  from space 2048K, 79% used [0x00000000d6f80000,0x00000000d7118000,0x00000000d7180000)
  to   space 4096K, 0% used [0x00000000d7680000,0x00000000d7680000,0x00000000d7a80000)
 ParOldGen       total 200192K, used 142747K [0x0000000080000000, 0x000000008c380000, 0x00000000d5580000)
  object space 200192K, 71% used [0x0000000080000000,0x0000000088b66e68,0x000000008c380000)
 Metaspace       used 73880K, committed 75456K, reserved 1179648K
  class space    used 7619K, committed 8320K, reserved 1048576K
}
Event: 95.149 GC heap after
{Heap after GC invocations=163 (full 6):
 PSYoungGen      total 28672K, used 1833K [0x00000000d5580000, 0x00000000d7880000, 0x0000000100000000)
  eden space 26624K, 0% used [0x00000000d5580000,0x00000000d5580000,0x00000000d6f80000)
  from space 2048K, 89% used [0x00000000d7680000,0x00000000d784a400,0x00000000d7880000)
  to   space 2560K, 0% used [0x00000000d7380000,0x00000000d7380000,0x00000000d7600000)
 ParOldGen       total 200192K, used 142755K [0x0000000080000000, 0x000000008c380000, 0x00000000d5580000)
  object space 200192K, 71% used [0x0000000080000000,0x0000000088b68e68,0x000000008c380000)
 Metaspace       used 73880K, committed 75456K, reserved 1179648K
  class space    used 7619K, committed 8320K, reserved 1048576K
}
Event: 107.256 GC heap before
{Heap before GC invocations=164 (full 6):
 PSYoungGen      total 28672K, used 28456K [0x00000000d5580000, 0x00000000d7880000, 0x0000000100000000)
  eden space 26624K, 99% used [0x00000000d5580000,0x00000000d6f7ffd0,0x00000000d6f80000)
  from space 2048K, 89% used [0x00000000d7680000,0x00000000d784a400,0x00000000d7880000)
  to   space 2560K, 0% used [0x00000000d7380000,0x00000000d7380000,0x00000000d7600000)
 ParOldGen       total 200192K, used 142755K [0x0000000080000000, 0x000000008c380000, 0x00000000d5580000)
  object space 200192K, 71% used [0x0000000080000000,0x0000000088b68e68,0x000000008c380000)
 Metaspace       used 74792K, committed 76480K, reserved 1179648K
  class space    used 7721K, committed 8448K, reserved 1048576K
}
Event: 107.263 GC heap after
{Heap after GC invocations=164 (full 6):
 PSYoungGen      total 29184K, used 2555K [0x00000000d5580000, 0x00000000d8780000, 0x0000000100000000)
  eden space 26624K, 0% used [0x00000000d5580000,0x00000000d5580000,0x00000000d6f80000)
  from space 2560K, 99% used [0x00000000d7380000,0x00000000d75fef68,0x00000000d7600000)
  to   space 12288K, 0% used [0x00000000d7b80000,0x00000000d7b80000,0x00000000d8780000)
 ParOldGen       total 200192K, used 150582K [0x0000000080000000, 0x000000008c380000, 0x00000000d5580000)
  object space 200192K, 75% used [0x0000000080000000,0x000000008930d9b0,0x000000008c380000)
 Metaspace       used 74792K, committed 76480K, reserved 1179648K
  class space    used 7721K, committed 8448K, reserved 1048576K
}
Event: 121.053 GC heap before
{Heap before GC invocations=165 (full 6):
 PSYoungGen      total 29184K, used 29179K [0x00000000d5580000, 0x00000000d8780000, 0x0000000100000000)
  eden space 26624K, 100% used [0x00000000d5580000,0x00000000d6f80000,0x00000000d6f80000)
  from space 2560K, 99% used [0x00000000d7380000,0x00000000d75fef68,0x00000000d7600000)
  to   space 12288K, 0% used [0x00000000d7b80000,0x00000000d7b80000,0x00000000d8780000)
 ParOldGen       total 200192K, used 150582K [0x0000000080000000, 0x000000008c380000, 0x00000000d5580000)
  object space 200192K, 75% used [0x0000000080000000,0x000000008930d9b0,0x000000008c380000)
 Metaspace       used 74973K, committed 76608K, reserved 1179648K
  class space    used 7722K, committed 8448K, reserved 1048576K
}
Event: 121.057 GC heap after
{Heap after GC invocations=165 (full 6):
 PSYoungGen      total 29184K, used 2272K [0x00000000d5580000, 0x00000000d7e00000, 0x0000000100000000)
  eden space 26624K, 0% used [0x00000000d5580000,0x00000000d5580000,0x00000000d6f80000)
  from space 2560K, 88% used [0x00000000d7b80000,0x00000000d7db8020,0x00000000d7e00000)
  to   space 5632K, 0% used [0x00000000d7300000,0x00000000d7300000,0x00000000d7880000)
 ParOldGen       total 200192K, used 150590K [0x0000000080000000, 0x000000008c380000, 0x00000000d5580000)
  object space 200192K, 75% used [0x0000000080000000,0x000000008930f9b0,0x000000008c380000)
 Metaspace       used 74973K, committed 76608K, reserved 1179648K
  class space    used 7722K, committed 8448K, reserved 1048576K
}

