# JRE version: Java(TM) SE Runtime Environment (21.0.7+8) (build 21.0.7+8-LTS-245)
# Java VM: Java HotSpot(TM) 64-Bit Server VM (21.0.7+8-LTS-245, mixed mode, sharing, tiered, compressed oops, compressed class ptrs, parallel gc, windows-amd64)
GC Precious Log:
 CardTable entry size: 512
 CPUs: 12 total, 12 available
 Memory: 23882M
 Large Page Support: Disabled
 NUMA Support: Disabled
 Compressed Oops: Enabled (32-bit)
 Alignments: Space 512K, Generation 512K, Heap 2M
 Heap Min Capacity: 100M
 Heap Initial Capacity: 100M
 Heap Max Capacity: 2G
 Pre-touch: Disabled
 Parallel Workers: 10
Heap:
 PSYoungGen      total 15360K, used 10934K [0x00000000d5580000, 0x00000000d6980000, 0x0000000100000000)
  eden space 13312K, 68% used [0x00000000d5580000,0x00000000d5e5d7f8,0x00000000d6280000)
  from space 2048K, 90% used [0x00000000d6780000,0x00000000d6950030,0x00000000d6980000)
  to   space 3072K, 0% used [0x00000000d6380000,0x00000000d6380000,0x00000000d6680000)
 ParOldGen       total 155136K, used 151356K [0x0000000080000000, 0x0000000089780000, 0x00000000d5580000)
  object space 155136K, 97% used [0x0000000080000000,0x00000000893cf018,0x0000000089780000)
 Metaspace       used 78535K, committed 80256K, reserved 1179648K
  class space    used 8043K, committed 8832K, reserved 1048576K
GC Heap History (20 events):
Event: 85.574 GC heap before
{Heap before GC invocations=240 (full 7):
 PSYoungGen      total 14336K, used 14298K [0x00000000d5580000, 0x00000000d6580000, 0x0000000100000000)
  eden space 13312K, 100% used [0x00000000d5580000,0x00000000d6280000,0x00000000d6280000)
  from space 1024K, 96% used [0x00000000d6480000,0x00000000d65768c8,0x00000000d6580000)
  to   space 1536K, 0% used [0x00000000d6280000,0x00000000d6280000,0x00000000d6400000)
 ParOldGen       total 155136K, used 148352K [0x0000000080000000, 0x0000000089780000, 0x00000000d5580000)
  object space 155136K, 95% used [0x0000000080000000,0x00000000890e0110,0x0000000089780000)
 Metaspace       used 76934K, committed 78592K, reserved 1179648K
  class space    used 7986K, committed 8704K, reserved 1048576K
}
Event: 85.576 GC heap after
{Heap after GC invocations=240 (full 7):
 PSYoungGen      total 14848K, used 1157K [0x00000000d5580000, 0x00000000d6580000, 0x0000000100000000)
  eden space 13312K, 0% used [0x00000000d5580000,0x00000000d5580000,0x00000000d6280000)
  from space 1536K, 75% used [0x00000000d6280000,0x00000000d63a1440,0x00000000d6400000)
  to   space 1536K, 0% used [0x00000000d6400000,0x00000000d6400000,0x00000000d6580000)
 ParOldGen       total 155136K, used 148360K [0x0000000080000000, 0x0000000089780000, 0x00000000d5580000)
  object space 155136K, 95% used [0x0000000080000000,0x00000000890e2110,0x0000000089780000)
 Metaspace       used 76934K, committed 78592K, reserved 1179648K
  class space    used 7986K, committed 8704K, reserved 1048576K
}
Event: 203.269 GC heap before
{Heap before GC invocations=241 (full 7):
 PSYoungGen      total 14848K, used 14469K [0x00000000d5580000, 0x00000000d6580000, 0x0000000100000000)
  eden space 13312K, 99% used [0x00000000d5580000,0x00000000d627fff8,0x00000000d6280000)
  from space 1536K, 75% used [0x00000000d6280000,0x00000000d63a1440,0x00000000d6400000)
  to   space 1536K, 0% used [0x00000000d6400000,0x00000000d6400000,0x00000000d6580000)
 ParOldGen       total 155136K, used 148360K [0x0000000080000000, 0x0000000089780000, 0x00000000d5580000)
  object space 155136K, 95% used [0x0000000080000000,0x00000000890e2110,0x0000000089780000)
 Metaspace       used 77100K, committed 78784K, reserved 1179648K
  class space    used 7987K, committed 8768K, reserved 1048576K
}
Event: 203.343 GC heap after
{Heap after GC invocations=241 (full 7):
 PSYoungGen      total 14848K, used 1178K [0x00000000d5580000, 0x00000000d6580000, 0x0000000100000000)
  eden space 13312K, 0% used [0x00000000d5580000,0x00000000d5580000,0x00000000d6280000)
  from space 1536K, 76% used [0x00000000d6400000,0x00000000d65268e8,0x00000000d6580000)
  to   space 1536K, 0% used [0x00000000d6280000,0x00000000d6280000,0x00000000d6400000)
 ParOldGen       total 155136K, used 148368K [0x0000000080000000, 0x0000000089780000, 0x00000000d5580000)
  object space 155136K, 95% used [0x0000000080000000,0x00000000890e4110,0x0000000089780000)
 Metaspace       used 77100K, committed 78784K, reserved 1179648K
  class space    used 7987K, committed 8768K, reserved 1048576K
}
Event: 316.494 GC heap before
{Heap before GC invocations=242 (full 7):
 PSYoungGen      total 14848K, used 14490K [0x00000000d5580000, 0x00000000d6580000, 0x0000000100000000)
  eden space 13312K, 100% used [0x00000000d5580000,0x00000000d6280000,0x00000000d6280000)
  from space 1536K, 76% used [0x00000000d6400000,0x00000000d65268e8,0x00000000d6580000)
  to   space 1536K, 0% used [0x00000000d6280000,0x00000000d6280000,0x00000000d6400000)
 ParOldGen       total 155136K, used 148368K [0x0000000080000000, 0x0000000089780000, 0x00000000d5580000)
  object space 155136K, 95% used [0x0000000080000000,0x00000000890e4110,0x0000000089780000)
 Metaspace       used 77401K, committed 79104K, reserved 1179648K
  class space    used 7987K, committed 8768K, reserved 1048576K
}
Event: 316.510 GC heap after
{Heap after GC invocations=242 (full 7):
 PSYoungGen      total 14848K, used 1082K [0x00000000d5580000, 0x00000000d6580000, 0x0000000100000000)
  eden space 13312K, 0% used [0x00000000d5580000,0x00000000d5580000,0x00000000d6280000)
  from space 1536K, 70% used [0x00000000d6280000,0x00000000d638e8c8,0x00000000d6400000)
  to   space 1536K, 0% used [0x00000000d6400000,0x00000000d6400000,0x00000000d6580000)
 ParOldGen       total 155136K, used 148376K [0x0000000080000000, 0x0000000089780000, 0x00000000d5580000)
  object space 155136K, 95% used [0x0000000080000000,0x00000000890e6110,0x0000000089780000)
 Metaspace       used 77401K, committed 79104K, reserved 1179648K
  class space    used 7987K, committed 8768K, reserved 1048576K
}
Event: 373.935 GC heap before
{Heap before GC invocations=243 (full 7):
 PSYoungGen      total 14848K, used 14383K [0x00000000d5580000, 0x00000000d6580000, 0x0000000100000000)
  eden space 13312K, 99% used [0x00000000d5580000,0x00000000d627d710,0x00000000d6280000)
  from space 1536K, 70% used [0x00000000d6280000,0x00000000d638e8c8,0x00000000d6400000)
  to   space 1536K, 0% used [0x00000000d6400000,0x00000000d6400000,0x00000000d6580000)
 ParOldGen       total 155136K, used 148376K [0x0000000080000000, 0x0000000089780000, 0x00000000d5580000)
  object space 155136K, 95% used [0x0000000080000000,0x00000000890e6110,0x0000000089780000)
 Metaspace       used 77734K, committed 79488K, reserved 1179648K
  class space    used 8013K, committed 8768K, reserved 1048576K
}
Event: 373.949 GC heap after
{Heap after GC invocations=243 (full 7):
 PSYoungGen      total 14848K, used 1221K [0x00000000d5580000, 0x00000000d6580000, 0x0000000100000000)
  eden space 13312K, 0% used [0x00000000d5580000,0x00000000d5580000,0x00000000d6280000)
  from space 1536K, 79% used [0x00000000d6400000,0x00000000d6531420,0x00000000d6580000)
  to   space 1536K, 0% used [0x00000000d6280000,0x00000000d6280000,0x00000000d6400000)
 ParOldGen       total 155136K, used 148384K [0x0000000080000000, 0x0000000089780000, 0x00000000d5580000)
  object space 155136K, 95% used [0x0000000080000000,0x00000000890e8110,0x0000000089780000)
 Metaspace       used 77734K, committed 79488K, reserved 1179648K
  class space    used 8013K, committed 8768K, reserved 1048576K
}
Event: 580.477 GC heap before
{Heap before GC invocations=244 (full 7):
 PSYoungGen      total 14848K, used 14533K [0x00000000d5580000, 0x00000000d6580000, 0x0000000100000000)
  eden space 13312K, 100% used [0x00000000d5580000,0x00000000d6280000,0x00000000d6280000)
  from space 1536K, 79% used [0x00000000d6400000,0x00000000d6531420,0x00000000d6580000)
  to   space 1536K, 0% used [0x00000000d6280000,0x00000000d6280000,0x00000000d6400000)
 ParOldGen       total 155136K, used 148384K [0x0000000080000000, 0x0000000089780000, 0x00000000d5580000)
  object space 155136K, 95% used [0x0000000080000000,0x00000000890e8110,0x0000000089780000)
 Metaspace       used 77948K, committed 79680K, reserved 1179648K
  class space    used 8024K, committed 8832K, reserved 1048576K
}
Event: 580.538 GC heap after
{Heap after GC invocations=244 (full 7):
 PSYoungGen      total 14848K, used 1413K [0x00000000d5580000, 0x00000000d6580000, 0x0000000100000000)
  eden space 13312K, 0% used [0x00000000d5580000,0x00000000d5580000,0x00000000d6280000)
  from space 1536K, 91% used [0x00000000d6280000,0x00000000d63e1440,0x00000000d6400000)
  to   space 1536K, 0% used [0x00000000d6400000,0x00000000d6400000,0x00000000d6580000)
 ParOldGen       total 155136K, used 148392K [0x0000000080000000, 0x0000000089780000, 0x00000000d5580000)
  object space 155136K, 95% used [0x0000000080000000,0x00000000890ea110,0x0000000089780000)
 Metaspace       used 77948K, committed 79680K, reserved 1179648K
  class space    used 8024K, committed 8832K, reserved 1048576K
}
Event: 640.127 GC heap before
{Heap before GC invocations=245 (full 7):
 PSYoungGen      total 14848K, used 14725K [0x00000000d5580000, 0x00000000d6580000, 0x0000000100000000)
  eden space 13312K, 100% used [0x00000000d5580000,0x00000000d6280000,0x00000000d6280000)
  from space 1536K, 91% used [0x00000000d6280000,0x00000000d63e1440,0x00000000d6400000)
  to   space 1536K, 0% used [0x00000000d6400000,0x00000000d6400000,0x00000000d6580000)
 ParOldGen       total 155136K, used 148392K [0x0000000080000000, 0x0000000089780000, 0x00000000d5580000)
  object space 155136K, 95% used [0x0000000080000000,0x00000000890ea110,0x0000000089780000)
 Metaspace       used 78090K, committed 79872K, reserved 1179648K
  class space    used 8024K, committed 8832K, reserved 1048576K
}
Event: 640.136 GC heap after
{Heap after GC invocations=245 (full 7):
 PSYoungGen      total 14848K, used 1434K [0x00000000d5580000, 0x00000000d6580000, 0x0000000100000000)
  eden space 13312K, 0% used [0x00000000d5580000,0x00000000d5580000,0x00000000d6280000)
  from space 1536K, 93% used [0x00000000d6400000,0x00000000d6566908,0x00000000d6580000)
  to   space 1536K, 0% used [0x00000000d6280000,0x00000000d6280000,0x00000000d6400000)
 ParOldGen       total 155136K, used 148400K [0x0000000080000000, 0x0000000089780000, 0x00000000d5580000)
  object space 155136K, 95% used [0x0000000080000000,0x00000000890ec110,0x0000000089780000)
 Metaspace       used 78090K, committed 79872K, reserved 1179648K
  class space    used 8024K, committed 8832K, reserved 1048576K
}
Event: 695.968 GC heap before
{Heap before GC invocations=246 (full 7):
 PSYoungGen      total 14848K, used 14746K [0x00000000d5580000, 0x00000000d6580000, 0x0000000100000000)
  eden space 13312K, 100% used [0x00000000d5580000,0x00000000d6280000,0x00000000d6280000)
  from space 1536K, 93% used [0x00000000d6400000,0x00000000d6566908,0x00000000d6580000)
  to   space 1536K, 0% used [0x00000000d6280000,0x00000000d6280000,0x00000000d6400000)
 ParOldGen       total 155136K, used 148400K [0x0000000080000000, 0x0000000089780000, 0x00000000d5580000)
  object space 155136K, 95% used [0x0000000080000000,0x00000000890ec110,0x0000000089780000)
 Metaspace       used 78169K, committed 79936K, reserved 1179648K
  class space    used 8031K, committed 8832K, reserved 1048576K
}
Event: 695.974 GC heap after
{Heap after GC invocations=246 (full 7):
 PSYoungGen      total 14848K, used 1482K [0x00000000d5580000, 0x00000000d6580000, 0x0000000100000000)
  eden space 13312K, 0% used [0x00000000d5580000,0x00000000d5580000,0x00000000d6280000)
  from space 1536K, 96% used [0x00000000d6280000,0x00000000d63f2918,0x00000000d6400000)
  to   space 1536K, 0% used [0x00000000d6400000,0x00000000d6400000,0x00000000d6580000)
 ParOldGen       total 155136K, used 148408K [0x0000000080000000, 0x0000000089780000, 0x00000000d5580000)
  object space 155136K, 95% used [0x0000000080000000,0x00000000890ee110,0x0000000089780000)
 Metaspace       used 78169K, committed 79936K, reserved 1179648K
  class space    used 8031K, committed 8832K, reserved 1048576K
}
Event: 701.612 GC heap before
{Heap before GC invocations=247 (full 7):
 PSYoungGen      total 14848K, used 14794K [0x00000000d5580000, 0x00000000d6580000, 0x0000000100000000)
  eden space 13312K, 100% used [0x00000000d5580000,0x00000000d6280000,0x00000000d6280000)
  from space 1536K, 96% used [0x00000000d6280000,0x00000000d63f2918,0x00000000d6400000)
  to   space 1536K, 0% used [0x00000000d6400000,0x00000000d6400000,0x00000000d6580000)
 ParOldGen       total 155136K, used 148408K [0x0000000080000000, 0x0000000089780000, 0x00000000d5580000)
  object space 155136K, 95% used [0x0000000080000000,0x00000000890ee110,0x0000000089780000)
 Metaspace       used 78230K, committed 80000K, reserved 1179648K
  class space    used 8031K, committed 8832K, reserved 1048576K
}
Event: 701.614 GC heap after
{Heap after GC invocations=247 (full 7):
 PSYoungGen      total 14848K, used 1482K [0x00000000d5580000, 0x00000000d6580000, 0x0000000100000000)
  eden space 13312K, 0% used [0x00000000d5580000,0x00000000d5580000,0x00000000d6280000)
  from space 1536K, 96% used [0x00000000d6400000,0x00000000d6572918,0x00000000d6580000)
  to   space 1536K, 0% used [0x00000000d6280000,0x00000000d6280000,0x00000000d6400000)
 ParOldGen       total 155136K, used 148416K [0x0000000080000000, 0x0000000089780000, 0x00000000d5580000)
  object space 155136K, 95% used [0x0000000080000000,0x00000000890f0110,0x0000000089780000)
 Metaspace       used 78230K, committed 80000K, reserved 1179648K
  class space    used 8031K, committed 8832K, reserved 1048576K
}
Event: 990.052 GC heap before
{Heap before GC invocations=248 (full 7):
 PSYoungGen      total 14848K, used 14794K [0x00000000d5580000, 0x00000000d6580000, 0x0000000100000000)
  eden space 13312K, 99% used [0x00000000d5580000,0x00000000d627ffd8,0x00000000d6280000)
  from space 1536K, 96% used [0x00000000d6400000,0x00000000d6572918,0x00000000d6580000)
  to   space 1536K, 0% used [0x00000000d6280000,0x00000000d6280000,0x00000000d6400000)
 ParOldGen       total 155136K, used 148416K [0x0000000080000000, 0x0000000089780000, 0x00000000d5580000)
  object space 155136K, 95% used [0x0000000080000000,0x00000000890f0110,0x0000000089780000)
 Metaspace       used 78339K, committed 80128K, reserved 1179648K
  class space    used 8032K, committed 8832K, reserved 1048576K
}
Event: 990.062 GC heap after
{Heap after GC invocations=248 (full 7):
 PSYoungGen      total 14848K, used 1526K [0x00000000d5580000, 0x00000000d6c80000, 0x0000000100000000)
  eden space 13312K, 0% used [0x00000000d5580000,0x00000000d5580000,0x00000000d6280000)
  from space 1536K, 99% used [0x00000000d6280000,0x00000000d63fdb58,0x00000000d6400000)
  to   space 5120K, 0% used [0x00000000d6780000,0x00000000d6780000,0x00000000d6c80000)
 ParOldGen       total 155136K, used 151100K [0x0000000080000000, 0x0000000089780000, 0x00000000d5580000)
  object space 155136K, 97% used [0x0000000080000000,0x000000008938f018,0x0000000089780000)
 Metaspace       used 78339K, committed 80128K, reserved 1179648K
  class space    used 8032K, committed 8832K, reserved 1048576K
}
Event: 1081.753 GC heap before
{Heap before GC invocations=249 (full 7):
 PSYoungGen      total 14848K, used 14838K [0x00000000d5580000, 0x00000000d6c80000, 0x0000000100000000)
  eden space 13312K, 100% used [0x00000000d5580000,0x00000000d6280000,0x00000000d6280000)
  from space 1536K, 99% used [0x00000000d6280000,0x00000000d63fdb58,0x00000000d6400000)
  to   space 5120K, 0% used [0x00000000d6780000,0x00000000d6780000,0x00000000d6c80000)
 ParOldGen       total 155136K, used 151100K [0x0000000080000000, 0x0000000089780000, 0x00000000d5580000)
  object space 155136K, 97% used [0x0000000080000000,0x000000008938f018,0x0000000089780000)
 Metaspace       used 78477K, committed 80256K, reserved 1179648K
  class space    used 8039K, committed 8832K, reserved 1048576K
}
Event: 1081.759 GC heap after
{Heap after GC invocations=249 (full 7):
 PSYoungGen      total 15360K, used 1856K [0x00000000d5580000, 0x00000000d6980000, 0x0000000100000000)
  eden space 13312K, 0% used [0x00000000d5580000,0x00000000d5580000,0x00000000d6280000)
  from space 2048K, 90% used [0x00000000d6780000,0x00000000d6950030,0x00000000d6980000)
  to   space 3072K, 0% used [0x00000000d6380000,0x00000000d6380000,0x00000000d6680000)
 ParOldGen       total 155136K, used 151356K [0x0000000080000000, 0x0000000089780000, 0x00000000d5580000)
  object space 155136K, 97% used [0x0000000080000000,0x00000000893cf018,0x0000000089780000)
 Metaspace       used 78477K, committed 80256K, reserved 1179648K
  class space    used 8039K, committed 8832K, reserved 1048576K
}

