# JRE version: Java(TM) SE Runtime Environment (17.0.12+8) (build 17.0.12+8-LTS-286)
# Java VM: Java HotSpot(TM) 64-Bit Server VM (17.0.12+8-LTS-286, mixed mode, sharing, tiered, compressed oops, compressed class ptrs, g1 gc, windows-amd64)
GC Precious Log:
 CPUs: 12 total, 12 available
 Memory: 23882M
 Large Page Support: Disabled
 NUMA Support: Disabled
 Compressed Oops: Enabled (Zero based)
 Heap Region Size: 4M
 Heap Min Capacity: 8M
 Heap Initial Capacity: 376M
 Heap Max Capacity: 5972M
 Pre-touch: Disabled
 Parallel Workers: 10
 Concurrent Workers: 3
 Concurrent Refinement Workers: 10
 Periodic GC: Disabled
Heap:
 garbage-first heap   total 385024K, used 34184K [0x000000068ac00000, 0x0000000800000000)
  region size 4096K, 9 young (36864K), 2 survivors (8192K)
 Metaspace       used 15423K, committed 15616K, reserved 1114112K
  class space    used 1847K, committed 1920K, reserved 1048576K
GC Heap History (6 events):
Event: 0.846 GC heap before
{Heap before GC invocations=0 (full 0):
 garbage-first heap   total 385024K, used 20480K [0x000000068ac00000, 0x0000000800000000)
  region size 4096K, 5 young (20480K), 0 survivors (0K)
 Metaspace       used 5329K, committed 5568K, reserved 1114112K
  class space    used 641K, committed 768K, reserved 1048576K
}
Event: 0.851 GC heap after
{Heap after GC invocations=1 (full 0):
 garbage-first heap   total 385024K, used 3634K [0x000000068ac00000, 0x0000000800000000)
  region size 4096K, 1 young (4096K), 1 survivors (4096K)
 Metaspace       used 5329K, committed 5568K, reserved 1114112K
  class space    used 641K, committed 768K, reserved 1048576K
}
Event: 1.233 GC heap before
{Heap before GC invocations=1 (full 0):
 garbage-first heap   total 385024K, used 24114K [0x000000068ac00000, 0x0000000800000000)
  region size 4096K, 6 young (24576K), 1 survivors (4096K)
 Metaspace       used 7000K, committed 7232K, reserved 1114112K
  class space    used 843K, committed 960K, reserved 1048576K
}
Event: 1.237 GC heap after
{Heap after GC invocations=2 (full 0):
 garbage-first heap   total 385024K, used 4392K [0x000000068ac00000, 0x0000000800000000)
  region size 4096K, 1 young (4096K), 1 survivors (4096K)
 Metaspace       used 7000K, committed 7232K, reserved 1114112K
  class space    used 843K, committed 960K, reserved 1048576K
}
Event: 2.922 GC heap before
{Heap before GC invocations=2 (full 0):
 garbage-first heap   total 385024K, used 61736K [0x000000068ac00000, 0x0000000800000000)
  region size 4096K, 15 young (61440K), 1 survivors (4096K)
 Metaspace       used 14709K, committed 14912K, reserved 1114112K
  class space    used 1782K, committed 1856K, reserved 1048576K
}
Event: 2.928 GC heap after
{Heap after GC invocations=3 (full 0):
 garbage-first heap   total 385024K, used 9608K [0x000000068ac00000, 0x0000000800000000)
  region size 4096K, 2 young (8192K), 2 survivors (8192K)
 Metaspace       used 14709K, committed 14912K, reserved 1114112K
  class space    used 1782K, committed 1856K, reserved 1048576K
}

